Code received: 1Ek5ZK
Code received: XUmMDH
Code received: EI9Zwe
Code received: EI9Zwe
Code received: 7mhgOk
Code received: EI9Zwe
Code received: EI9Zwe
Code received: EI9Zwe
Code received: 9kGhYF
Code received: 9kGhYF
Code received: assets/css/auth-styles.css
Code received: EI9Zwe
Code received: 7mhgOk
Code received: EI9Zwe
Code received: xMHKEm
Code received: xMHKEm
Code received: aOFBZC
Code received: aOFBZC
Code received: aOFBZC
Code received: aOFBZC
Code received: register.php
Code received: assets/css/auth-styles.css
Code received: ZaokD5
Code received: ZaokD5
Code received: assets/css/auth-styles.css
